1
0
1
ASSEMBLY
1
BEAMINST
BEAM2D
1
BEAMINST
14
-2147483646
0
48 1 16 5 0 1 0 -1 -1 7319 1 -1879048189 1 7319 
14
48 1 16 5 0 1 0 -1 -1 7319 1 -1879048189 1 7319 
0
1
BEAMINST
14
-2147483646
0
48 1 16 5 0 1 0 -1 -1 14268 1 -1879048189 1 14268 
14
48 1 16 5 0 1 0 -1 -1 14268 1 -1879048189 1 14268 
0
0
1
BEAMINST
1
_G3
0
2
14
-2147483647
48 1 16 5 0 1 0 -1 -1 14268 1 -1879048189 1 14268 
0
0
0
5
CMOD1
0
1
0
1
BEAMINST
1
9 
0
CMOD2
0
1
0
1
BEAMINST
1
12 
0
LOAD_NODES
0
1
0
1
BEAMINST
3
439 440 441 
0
SUPPORT_LEFT
0
1
0
1
BEAMINST
1
201 
0
SUPPORT_RIGHT
0
1
0
1
BEAMINST
1
311 
0
1
BEAMINST
6
CMOD1
0
1
1
9 
0
0
CMOD2
0
1
1
12 
0
0
LOAD_NODES
0
1
3
439 440 441 
0
0
SUPPORT_LEFT
0
1
1
201 
0
0
SUPPORT_RIGHT
0
1
1
311 
0
0
_G3
0
2
14
-2147483647
48 1 16 5 0 1 0 -1 -1 7319 1 -1879048189 1 7319 
0
0
0
0
0
